[11:12:44] [ServerMain/INFO]: Environment: authHost='https://authserver.mojang.com', accountsHost='https://api.mojang.com', sessionHost='https://sessionserver.mojang.com', servicesHost='https://api.minecraftservices.com', name='PROD'
[11:12:47] [ServerMain/WARN]: Ambiguity between arguments [teleport, location] and [teleport, destination] with inputs: [0.1 -0.5 .9, 0 0 0]
[11:12:47] [ServerMain/WARN]: Ambiguity between arguments [teleport, location] and [teleport, targets] with inputs: [0.1 -0.5 .9, 0 0 0]
[11:12:47] [ServerMain/WARN]: Ambiguity between arguments [teleport, destination] and [teleport, targets] with inputs: [Player, 0123, @e, dd12be42-52a9-4a91-a8a1-11c01849e498]
[11:12:47] [ServerMain/WARN]: Ambiguity between arguments [teleport, targets] and [teleport, destination] with inputs: [Player, 0123, dd12be42-52a9-4a91-a8a1-11c01849e498]
[11:12:47] [ServerMain/WARN]: Ambiguity between arguments [teleport, targets, location] and [teleport, targets, destination] with inputs: [0.1 -0.5 .9, 0 0 0]
[11:12:47] [ServerMain/INFO]: Reloading ResourceManager: Default
[11:12:50] [Worker-Main-12/INFO]: Loaded 7 recipes
[11:12:52] [Worker-Main-12/INFO]: Loaded 1141 advancements
[11:13:01] [Server thread/INFO]: Starting minecraft server version 1.18.1
[11:13:01] [Server thread/INFO]: Loading properties
[11:13:01] [Server thread/INFO]: Default game type: SURVIVAL
[11:13:01] [Server thread/INFO]: Generating keypair
[11:13:02] [Server thread/INFO]: Starting Minecraft server on *:25565
[11:13:02] [Server thread/INFO]: Using epoll channel type
[11:13:03] [Server thread/INFO]: Preparing level "world"
[11:13:03] [Server thread/INFO]: Preparing start region for dimension minecraft:overworld
[11:13:06] [Worker-Main-12/INFO]: Preparing spawn area: 0%
[11:13:07] [Worker-Main-12/INFO]: Preparing spawn area: 0%
[11:13:07] [Worker-Main-9/INFO]: Preparing spawn area: 0%
[11:13:07] [Worker-Main-8/INFO]: Preparing spawn area: 0%
[11:13:07] [Worker-Main-14/INFO]: Preparing spawn area: 0%
[11:13:07] [Worker-Main-14/INFO]: Preparing spawn area: 0%
[11:13:07] [Worker-Main-12/INFO]: Preparing spawn area: 0%
[11:13:07] [Worker-Main-12/INFO]: Preparing spawn area: 0%
[11:13:08] [Worker-Main-8/INFO]: Preparing spawn area: 0%
[11:13:08] [Worker-Main-14/INFO]: Preparing spawn area: 0%
[11:13:08] [Worker-Main-12/INFO]: Preparing spawn area: 0%
[11:13:09] [Worker-Main-8/INFO]: Preparing spawn area: 0%
[11:13:09] [Worker-Main-11/INFO]: Preparing spawn area: 0%
[11:13:10] [Worker-Main-9/INFO]: Preparing spawn area: 0%
[11:13:10] [Worker-Main-10/INFO]: Preparing spawn area: 0%
[11:13:11] [Worker-Main-8/INFO]: Preparing spawn area: 0%
[11:13:11] [Worker-Main-10/INFO]: Preparing spawn area: 0%
[11:13:12] [Worker-Main-11/INFO]: Preparing spawn area: 0%
[11:13:12] [Worker-Main-8/INFO]: Preparing spawn area: 0%
[11:13:13] [Worker-Main-13/INFO]: Preparing spawn area: 0%
[11:13:13] [Worker-Main-9/INFO]: Preparing spawn area: 0%
[11:13:14] [Worker-Main-13/INFO]: Preparing spawn area: 0%
[11:13:14] [Worker-Main-8/INFO]: Preparing spawn area: 0%
[11:13:15] [Worker-Main-12/INFO]: Preparing spawn area: 0%
[11:13:15] [Worker-Main-13/INFO]: Preparing spawn area: 1%
[11:13:16] [Worker-Main-12/INFO]: Preparing spawn area: 1%
[11:13:16] [Worker-Main-14/INFO]: Preparing spawn area: 2%
[11:13:17] [Worker-Main-11/INFO]: Preparing spawn area: 4%
[11:13:17] [Worker-Main-12/INFO]: Preparing spawn area: 4%
[11:13:18] [Worker-Main-12/INFO]: Preparing spawn area: 5%
[11:13:18] [Worker-Main-11/INFO]: Preparing spawn area: 7%
[11:13:19] [Worker-Main-12/INFO]: Preparing spawn area: 7%
[11:13:19] [Worker-Main-8/INFO]: Preparing spawn area: 8%
[11:13:20] [Worker-Main-12/INFO]: Preparing spawn area: 9%
[11:13:20] [Worker-Main-9/INFO]: Preparing spawn area: 11%
[11:13:21] [Worker-Main-12/INFO]: Preparing spawn area: 12%
[11:13:21] [Worker-Main-12/INFO]: Preparing spawn area: 12%
[11:13:22] [Worker-Main-9/INFO]: Preparing spawn area: 12%
[11:13:22] [Worker-Main-10/INFO]: Preparing spawn area: 15%
[11:13:23] [Worker-Main-10/INFO]: Preparing spawn area: 22%
[11:13:23] [Worker-Main-14/INFO]: Preparing spawn area: 23%
[11:13:24] [Worker-Main-9/INFO]: Preparing spawn area: 24%
[11:13:24] [Worker-Main-12/INFO]: Preparing spawn area: 26%
[11:13:24] [User Authenticator #1/INFO]: UUID of player Au_Chr is 2ceb6084-1634-41a6-b9cf-ead7f4c0dd89
[11:13:25] [Worker-Main-13/INFO]: Preparing spawn area: 32%
[11:13:25] [Worker-Main-9/INFO]: Preparing spawn area: 34%
[11:13:26] [Worker-Main-8/INFO]: Preparing spawn area: 42%
[11:13:26] [Worker-Main-8/INFO]: Preparing spawn area: 43%
[11:13:27] [Worker-Main-8/INFO]: Preparing spawn area: 52%
[11:13:27] [Worker-Main-8/INFO]: Preparing spawn area: 61%
[11:13:28] [Worker-Main-10/INFO]: Preparing spawn area: 66%
[11:13:28] [Worker-Main-11/INFO]: Preparing spawn area: 76%
[11:13:29] [Worker-Main-13/INFO]: Preparing spawn area: 79%
[11:13:29] [Worker-Main-10/INFO]: Preparing spawn area: 84%
[11:13:30] [Worker-Main-11/INFO]: Preparing spawn area: 89%
[11:13:30] [Worker-Main-13/INFO]: Preparing spawn area: 92%
[11:13:31] [Worker-Main-14/INFO]: Preparing spawn area: 93%
[11:13:32] [Server thread/INFO]: Time elapsed: 29318 ms
[11:13:32] [Server thread/INFO]: Done (29.896s)! For help, type "help"
[11:13:32] [Server thread/INFO]: Starting remote control listener
[11:13:32] [Server thread/INFO]: Thread RCON Listener started
[11:13:32] [Server thread/INFO]: RCON running on 0.0.0.0:25575
[11:13:34] [Server thread/INFO]: Au_Chr[/46.223.206.250:60109] logged in with entity id 117 at (157.8163222846612, 19.0, -125.09944333457118)
[11:13:34] [Server thread/INFO]: Au_Chr joined the game
[11:13:35] [Server thread/WARN]: Can't keep up! Is the server overloaded? Running 2516ms or 50 ticks behind
[11:14:06] [Server thread/WARN]: Can't keep up! Is the server overloaded? Running 15650ms or 313 ticks behind
[11:14:27] [Server thread/WARN]: Can't keep up! Is the server overloaded? Running 5848ms or 116 ticks behind
[11:16:24] [Server thread/INFO]: Au_Chr lost connection: Disconnected
[11:16:24] [Server thread/INFO]: Au_Chr left the game
[12:04:19] [User Authenticator #2/INFO]: UUID of player Au_Chr is 2ceb6084-1634-41a6-b9cf-ead7f4c0dd89
[12:04:19] [Server thread/INFO]: Au_Chr[/46.223.206.250:62118] logged in with entity id 1163 at (159.14189826669607, 19.0, -130.83342903726896)
[12:04:19] [Server thread/INFO]: Au_Chr joined the game
[12:04:25] [Server thread/WARN]: Can't keep up! Is the server overloaded? Running 2001ms or 40 ticks behind
[12:04:30] [Server thread/INFO]: Au_Chr lost connection: Disconnected
[12:04:30] [Server thread/INFO]: Au_Chr left the game
